<?xml version="1.0" encoding="UTF-8"?>
<!-- Generated by org.testng.reporters.JUnitReportReporter -->
<testsuite hostname="LAPTOP-Q14IO4VP" failures="0" tests="1" name="com.example.ridmikchat_pom.ProfileImageTest" time="7.983" errors="0" timestamp="2022-08-02T16:37:33 BDT" skipped="0">
  <testcase classname="com.example.ridmikchat_pom.ProfileImageTest" name="UserProfileImageTest" time="7.983"/>
  <system-out/>
</testsuite> <!-- com.example.ridmikchat_pom.ProfileImageTest -->
