<?xml version="1.0" encoding="UTF-8"?>
<!-- Generated by org.testng.reporters.JUnitReportReporter -->
<testsuite hostname="LAPTOP-Q14IO4VP" failures="0" tests="12" name="com.example.ridmikchat_pom.ProfileEditTest" time="27.784" errors="1" timestamp="2022-08-04T14:41:05 BDT" skipped="0">
  <testcase classname="com.example.ridmikchat_pom.ProfileEditTest" name="teardown" time="0.001">
    <error message="Session ID is null. Using WebDriver after calling quit()?
Build info: version: &#039;4.3.0&#039;, revision: &#039;a4995e2c09*&#039;
System info: host: &#039;LAPTOP-Q14IO4VP&#039;, ip: &#039;192.168.1.57&#039;, os.name: &#039;Windows 10&#039;, os.arch: &#039;amd64&#039;, os.version: &#039;10.0&#039;, java.version: &#039;17.0.1&#039;
Driver info: io.appium.java_client.AppiumDriver
Command: [null, setTimeout {implicit=40000}]
Capabilities {appium:app: C:\Users\HP\IdeaProjects\Ri..., appium:appActivity: ridmik.one.ui.Conversations..., appium:appPackage: ridmik.one.debug, appium:automationName: UIAutomator2, appium:databaseEnabled: false, appium:desired: {app: C:\Users\HP\IdeaProjects\Ri..., appActivity: ridmik.one.ui.Conversations..., appPackage: ridmik.one.debug, automationName: UIAutomator2, deviceName: Pixel 6, noReset: true, platformName: android}, appium:deviceApiLevel: 32, appium:deviceManufacturer: Google, appium:deviceModel: Pixel 6, appium:deviceName: 1A031FDF6004RK, appium:deviceScreenDensity: 420, appium:deviceScreenSize: 1080x2400, appium:deviceUDID: 1A031FDF6004RK, appium:javascriptEnabled: true, appium:locationContextEnabled: false, appium:networkConnectionEnabled: true, appium:noReset: true, appium:pixelRatio: 2.625, appium:platformVersion: 12, appium:statBarHeight: 124, appium:takesScreenshot: true, appium:viewportRect: {height: 2116, left: 0, top: 124, width: 1080}, appium:warnings: {}, appium:webStorageEnabled: false, platformName: ANDROID}" type="org.openqa.selenium.NoSuchSessionException">
      <![CDATA[org.openqa.selenium.NoSuchSessionException: Session ID is null. Using WebDriver after calling quit()?
Build info: version: '4.3.0', revision: 'a4995e2c09*'
System info: host: 'LAPTOP-Q14IO4VP', ip: '192.168.1.57', os.name: 'Windows 10', os.arch: 'amd64', os.version: '10.0', java.version: '17.0.1'
Driver info: io.appium.java_client.AppiumDriver
Command: [null, setTimeout {implicit=40000}]
Capabilities {appium:app: C:\Users\HP\IdeaProjects\Ri..., appium:appActivity: ridmik.one.ui.Conversations..., appium:appPackage: ridmik.one.debug, appium:automationName: UIAutomator2, appium:databaseEnabled: false, appium:desired: {app: C:\Users\HP\IdeaProjects\Ri..., appActivity: ridmik.one.ui.Conversations..., appPackage: ridmik.one.debug, automationName: UIAutomator2, deviceName: Pixel 6, noReset: true, platformName: android}, appium:deviceApiLevel: 32, appium:deviceManufacturer: Google, appium:deviceModel: Pixel 6, appium:deviceName: 1A031FDF6004RK, appium:deviceScreenDensity: 420, appium:deviceScreenSize: 1080x2400, appium:deviceUDID: 1A031FDF6004RK, appium:javascriptEnabled: true, appium:locationContextEnabled: false, appium:networkConnectionEnabled: true, appium:noReset: true, appium:pixelRatio: 2.625, appium:platformVersion: 12, appium:statBarHeight: 124, appium:takesScreenshot: true, appium:viewportRect: {height: 2116, left: 0, top: 124, width: 1080}, appium:warnings: {}, appium:webStorageEnabled: false, platformName: ANDROID}
at org.openqa.selenium.remote.HttpCommandExecutor.execute(HttpCommandExecutor.java:145)
at io.appium.java_client.remote.AppiumCommandExecutor.execute(AppiumCommandExecutor.java:180)
at org.openqa.selenium.remote.RemoteWebDriver.execute(RemoteWebDriver.java:569)
at org.openqa.selenium.remote.RemoteWebDriver$RemoteWebDriverOptions$RemoteTimeouts.implicitlyWait(RemoteWebDriver.java:927)
at com.example.ridmikchat_pom.ProfileEditTest.teardown(ProfileEditTest.java:230)
at java.base/jdk.internal.reflect.NativeMethodAccessorImpl.invoke0(Native Method)
at java.base/jdk.internal.reflect.NativeMethodAccessorImpl.invoke(NativeMethodAccessorImpl.java:77)
at java.base/jdk.internal.reflect.DelegatingMethodAccessorImpl.invoke(DelegatingMethodAccessorImpl.java:43)
at java.base/java.lang.reflect.Method.invoke(Method.java:568)
at org.testng.internal.invokers.MethodInvocationHelper.invokeMethod(MethodInvocationHelper.java:135)
at org.testng.internal.invokers.MethodInvocationHelper.invokeMethodConsideringTimeout(MethodInvocationHelper.java:65)
at org.testng.internal.invokers.ConfigInvoker.invokeConfigurationMethod(ConfigInvoker.java:381)
at org.testng.internal.invokers.ConfigInvoker.invokeConfigurations(ConfigInvoker.java:319)
at org.testng.TestRunner.invokeTestConfigurations(TestRunner.java:645)
at org.testng.TestRunner.afterRun(TestRunner.java:893)
at org.testng.TestRunner.run(TestRunner.java:606)
at org.testng.SuiteRunner.runTest(SuiteRunner.java:429)
at org.testng.SuiteRunner.runSequentially(SuiteRunner.java:423)
at org.testng.SuiteRunner.privateRun(SuiteRunner.java:383)
at org.testng.SuiteRunner.run(SuiteRunner.java:326)
at org.testng.SuiteRunnerWorker.runSuite(SuiteRunnerWorker.java:52)
at org.testng.SuiteRunnerWorker.run(SuiteRunnerWorker.java:95)
at org.testng.TestNG.runSuitesSequentially(TestNG.java:1249)
at org.testng.TestNG.runSuitesLocally(TestNG.java:1169)
at org.testng.TestNG.runSuites(TestNG.java:1092)
at org.testng.TestNG.run(TestNG.java:1060)
at org.testng.remote.AbstractRemoteTestNG.run(AbstractRemoteTestNG.java:115)
at org.testng.remote.RemoteTestNG.initAndRun(RemoteTestNG.java:251)
at org.testng.remote.RemoteTestNG.main(RemoteTestNG.java:77)
]]>
    </error>
  </testcase> <!-- teardown -->
  <system-out/>
  <testcase classname="com.example.ridmikchat_pom.ProfileEditTest" name="profileBtn" time="1.045"/>
  <system-out/>
  <testcase classname="com.example.ridmikchat_pom.ProfileEditTest" name="DisplayedUserName" time="2.442"/>
  <system-out/>
  <testcase classname="com.example.ridmikchat_pom.ProfileEditTest" name="profileEditBtnTest" time="0.232"/>
  <system-out/>
  <testcase classname="com.example.ridmikchat_pom.ProfileEditTest" name="workLabelTest" time="1.635"/>
  <system-out/>
  <testcase classname="com.example.ridmikchat_pom.ProfileEditTest" name="workInputTest" time="4.542"/>
  <system-out/>
  <testcase classname="com.example.ridmikchat_pom.ProfileEditTest" name="EduLabelTest" time="1.120"/>
  <system-out/>
  <testcase classname="com.example.ridmikchat_pom.ProfileEditTest" name="EduInputTest" time="4.564"/>
  <system-out/>
  <testcase classname="com.example.ridmikchat_pom.ProfileEditTest" name="LivingInLabelTest" time="1.153"/>
  <system-out/>
  <testcase classname="com.example.ridmikchat_pom.ProfileEditTest" name="LivingInputTest" time="4.576"/>
  <system-out/>
  <testcase classname="com.example.ridmikchat_pom.ProfileEditTest" name="AboutLabelTest" time="1.158"/>
  <system-out/>
  <testcase classname="com.example.ridmikchat_pom.ProfileEditTest" name="AboutYouInputTest" time="5.316"/>
  <system-out/>
</testsuite> <!-- com.example.ridmikchat_pom.ProfileEditTest -->
