<?xml version="1.0" encoding="UTF-8"?>
<!-- Generated by org.testng.reporters.JUnitReportReporter -->
<testsuite hostname="LAPTOP-Q14IO4VP" failures="0" tests="3" name="com.example.ridmikchat_pom.FeedTest" time="7.852" errors="0" timestamp="2022-08-02T16:37:33 BDT" skipped="0">
  <testcase classname="com.example.ridmikchat_pom.FeedTest" name="ExploreBtn" time="0.162"/>
  <system-out/>
  <testcase classname="com.example.ridmikchat_pom.FeedTest" name="FeedClickTest" time="1.525"/>
  <system-out/>
  <testcase classname="com.example.ridmikchat_pom.FeedTest" name="GalleryImageTest" time="6.165"/>
  <system-out/>
</testsuite> <!-- com.example.ridmikchat_pom.FeedTest -->
