<?xml version="1.0" encoding="UTF-8"?>
<!-- Generated by org.testng.reporters.JUnitReportReporter -->
<testsuite hostname="LAPTOP-Q14IO4VP" failures="0" tests="11" name="com.example.ridmikchat_pom.ProfileEditTest" time="25.972" errors="1" timestamp="2022-08-02T16:37:33 BDT" skipped="0">
  <testcase classname="com.example.ridmikchat_pom.ProfileEditTest" name="profileBtn" time="0.941"/>
  <system-out/>
  <testcase classname="com.example.ridmikchat_pom.ProfileEditTest" name="DisplayedUserName" time="1.649">
    <error message="The element &#039;By.id: name_text&#039; is not linked to the same object in DOM anymore
For documentation on this error, please visit: https://selenium.dev/exceptions/#stale_element_reference
Build info: version: &#039;4.3.0&#039;, revision: &#039;a4995e2c09*&#039;
System info: host: &#039;LAPTOP-Q14IO4VP&#039;, ip: &#039;192.168.1.57&#039;, os.name: &#039;Windows 10&#039;, os.arch: &#039;amd64&#039;, os.version: &#039;10.0&#039;, java.version: &#039;17.0.1&#039;
Driver info: io.appium.java_client.AppiumDriver
Command: [b6d0fdd2-66a8-4de7-bc42-519aa4b68833, isElementDisplayed {id=00000000-0000-05f5-ffff-ffff00000146}]
Capabilities {appium:app: C:\Users\HP\IdeaProjects\Ri..., appium:appActivity: ridmik.one.ui.Conversations..., appium:appPackage: ridmik.one.debug, appium:automationName: UIAutomator2, appium:databaseEnabled: false, appium:desired: {app: C:\Users\HP\IdeaProjects\Ri..., appActivity: ridmik.one.ui.Conversations..., appPackage: ridmik.one.debug, automationName: UIAutomator2, deviceName: Pixel 6, noReset: true, platformName: android}, appium:deviceApiLevel: 32, appium:deviceManufacturer: Google, appium:deviceModel: Pixel 6, appium:deviceName: 1A031FDF6004RK, appium:deviceScreenDensity: 420, appium:deviceScreenSize: 1080x2400, appium:deviceUDID: 1A031FDF6004RK, appium:javascriptEnabled: true, appium:locationContextEnabled: false, appium:networkConnectionEnabled: true, appium:noReset: true, appium:pixelRatio: 2.625, appium:platformVersion: 12, appium:statBarHeight: 124, appium:takesScreenshot: true, appium:viewportRect: {height: 2116, left: 0, top: 124, width: 1080}, appium:warnings: {}, appium:webStorageEnabled: false, platformName: ANDROID}
Element: [[AppiumDriver:  on ANDROID (b6d0fdd2-66a8-4de7-bc42-519aa4b68833)] -&gt; id: name_text]
Session ID: b6d0fdd2-66a8-4de7-bc42-519aa4b68833" type="org.openqa.selenium.StaleElementReferenceException">
      <![CDATA[org.openqa.selenium.StaleElementReferenceException: The element 'By.id: name_text' is not linked to the same object in DOM anymore
For documentation on this error, please visit: https://selenium.dev/exceptions/#stale_element_reference
Build info: version: '4.3.0', revision: 'a4995e2c09*'
System info: host: 'LAPTOP-Q14IO4VP', ip: '192.168.1.57', os.name: 'Windows 10', os.arch: 'amd64', os.version: '10.0', java.version: '17.0.1'
Driver info: io.appium.java_client.AppiumDriver
Command: [b6d0fdd2-66a8-4de7-bc42-519aa4b68833, isElementDisplayed {id=00000000-0000-05f5-ffff-ffff00000146}]
Capabilities {appium:app: C:\Users\HP\IdeaProjects\Ri..., appium:appActivity: ridmik.one.ui.Conversations..., appium:appPackage: ridmik.one.debug, appium:automationName: UIAutomator2, appium:databaseEnabled: false, appium:desired: {app: C:\Users\HP\IdeaProjects\Ri..., appActivity: ridmik.one.ui.Conversations..., appPackage: ridmik.one.debug, automationName: UIAutomator2, deviceName: Pixel 6, noReset: true, platformName: android}, appium:deviceApiLevel: 32, appium:deviceManufacturer: Google, appium:deviceModel: Pixel 6, appium:deviceName: 1A031FDF6004RK, appium:deviceScreenDensity: 420, appium:deviceScreenSize: 1080x2400, appium:deviceUDID: 1A031FDF6004RK, appium:javascriptEnabled: true, appium:locationContextEnabled: false, appium:networkConnectionEnabled: true, appium:noReset: true, appium:pixelRatio: 2.625, appium:platformVersion: 12, appium:statBarHeight: 124, appium:takesScreenshot: true, appium:viewportRect: {height: 2116, left: 0, top: 124, width: 1080}, appium:warnings: {}, appium:webStorageEnabled: false, platformName: ANDROID}
Element: [[AppiumDriver:  on ANDROID (b6d0fdd2-66a8-4de7-bc42-519aa4b68833)] -> id: name_text]
Session ID: b6d0fdd2-66a8-4de7-bc42-519aa4b68833
at java.base/jdk.internal.reflect.NativeConstructorAccessorImpl.newInstance0(Native Method)
at java.base/jdk.internal.reflect.NativeConstructorAccessorImpl.newInstance(NativeConstructorAccessorImpl.java:77)
at java.base/jdk.internal.reflect.DelegatingConstructorAccessorImpl.newInstance(DelegatingConstructorAccessorImpl.java:45)
at java.base/java.lang.reflect.Constructor.newInstanceWithCaller(Constructor.java:499)
at java.base/java.lang.reflect.Constructor.newInstance(Constructor.java:480)
at org.openqa.selenium.remote.codec.w3c.W3CHttpResponseCodec.createException(W3CHttpResponseCodec.java:200)
at org.openqa.selenium.remote.codec.w3c.W3CHttpResponseCodec.decode(W3CHttpResponseCodec.java:133)
at org.openqa.selenium.remote.codec.w3c.W3CHttpResponseCodec.decode(W3CHttpResponseCodec.java:53)
at org.openqa.selenium.remote.HttpCommandExecutor.execute(HttpCommandExecutor.java:184)
at io.appium.java_client.remote.AppiumCommandExecutor.execute(AppiumCommandExecutor.java:180)
at org.openqa.selenium.remote.RemoteWebDriver.execute(RemoteWebDriver.java:569)
at org.openqa.selenium.remote.RemoteWebElement.execute(RemoteWebElement.java:257)
at org.openqa.selenium.remote.RemoteWebElement.isDisplayed(RemoteWebElement.java:313)
at java.base/jdk.internal.reflect.NativeMethodAccessorImpl.invoke0(Native Method)
at java.base/jdk.internal.reflect.NativeMethodAccessorImpl.invoke(NativeMethodAccessorImpl.java:77)
at java.base/jdk.internal.reflect.DelegatingMethodAccessorImpl.invoke(DelegatingMethodAccessorImpl.java:43)
at java.base/java.lang.reflect.Method.invoke(Method.java:568)
at org.openqa.selenium.support.pagefactory.internal.LocatingElementHandler.invoke(LocatingElementHandler.java:52)
at jdk.proxy2/jdk.proxy2.$Proxy16.isDisplayed(Unknown Source)
at com.crm.qa.pages.ProfilePage.UserName(ProfilePage.java:91)
at com.example.ridmikchat_pom.ProfileEditTest.DisplayedUserName(ProfileEditTest.java:36)
at java.base/jdk.internal.reflect.NativeMethodAccessorImpl.invoke0(Native Method)
at java.base/jdk.internal.reflect.NativeMethodAccessorImpl.invoke(NativeMethodAccessorImpl.java:77)
at java.base/jdk.internal.reflect.DelegatingMethodAccessorImpl.invoke(DelegatingMethodAccessorImpl.java:43)
at java.base/java.lang.reflect.Method.invoke(Method.java:568)
at org.testng.internal.invokers.MethodInvocationHelper.invokeMethod(MethodInvocationHelper.java:139)
at org.testng.internal.invokers.TestInvoker.invokeMethod(TestInvoker.java:677)
at org.testng.internal.invokers.TestInvoker.invokeTestMethod(TestInvoker.java:221)
at org.testng.internal.invokers.MethodRunner.runInSequence(MethodRunner.java:50)
at org.testng.internal.invokers.TestInvoker$MethodInvocationAgent.invoke(TestInvoker.java:962)
at org.testng.internal.invokers.TestInvoker.invokeTestMethods(TestInvoker.java:194)
at org.testng.internal.invokers.TestMethodWorker.invokeTestMethods(TestMethodWorker.java:148)
at org.testng.internal.invokers.TestMethodWorker.run(TestMethodWorker.java:128)
at java.base/java.util.ArrayList.forEach(ArrayList.java:1511)
at org.testng.TestRunner.privateRun(TestRunner.java:806)
at org.testng.TestRunner.run(TestRunner.java:601)
at org.testng.SuiteRunner.runTest(SuiteRunner.java:433)
at org.testng.SuiteRunner.runSequentially(SuiteRunner.java:427)
at org.testng.SuiteRunner.privateRun(SuiteRunner.java:387)
at org.testng.SuiteRunner.run(SuiteRunner.java:330)
at org.testng.SuiteRunnerWorker.runSuite(SuiteRunnerWorker.java:52)
at org.testng.SuiteRunnerWorker.run(SuiteRunnerWorker.java:95)
at org.testng.TestNG.runSuitesSequentially(TestNG.java:1256)
at org.testng.TestNG.runSuitesLocally(TestNG.java:1176)
at org.testng.TestNG.runSuites(TestNG.java:1099)
at org.testng.TestNG.run(TestNG.java:1067)
at org.testng.remote.AbstractRemoteTestNG.run(AbstractRemoteTestNG.java:115)
at org.testng.remote.RemoteTestNG.initAndRun(RemoteTestNG.java:251)
at org.testng.remote.RemoteTestNG.main(RemoteTestNG.java:77)
]]>
    </error>
  </testcase> <!-- DisplayedUserName -->
  <system-out/>
  <testcase classname="com.example.ridmikchat_pom.ProfileEditTest" name="profileEditBtnTest" time="0.218"/>
  <system-out/>
  <testcase classname="com.example.ridmikchat_pom.ProfileEditTest" name="workLabelTest" time="1.492"/>
  <system-out/>
  <testcase classname="com.example.ridmikchat_pom.ProfileEditTest" name="workInputTest" time="4.646"/>
  <system-out/>
  <testcase classname="com.example.ridmikchat_pom.ProfileEditTest" name="EduLabelTest" time="1.158"/>
  <system-out/>
  <testcase classname="com.example.ridmikchat_pom.ProfileEditTest" name="EduInputTest" time="4.572"/>
  <system-out/>
  <testcase classname="com.example.ridmikchat_pom.ProfileEditTest" name="LivingInLabelTest" time="1.213"/>
  <system-out/>
  <testcase classname="com.example.ridmikchat_pom.ProfileEditTest" name="LivingInputTest" time="4.599"/>
  <system-out/>
  <testcase classname="com.example.ridmikchat_pom.ProfileEditTest" name="AboutLabelTest" time="1.175"/>
  <system-out/>
  <testcase classname="com.example.ridmikchat_pom.ProfileEditTest" name="AboutYouInputTest" time="4.309"/>
  <system-out/>
</testsuite> <!-- com.example.ridmikchat_pom.ProfileEditTest -->
